<?xml version="1.0" encoding="UTF-8"?>
<robot generator="Robot 6.1.1 (Python 3.11.4 on win32)" generated="20230810 11:20:11.555" rpa="false" schemaversion="4">
<suite id="s1" name="TC1" source="C:\Users\nalsivak\PycharmProjects\AutomationRobotFramework\TestCases\TC1.robot">
<test id="s1-t1" name="Valid Login" line="10">
<kw name="Open Browser" library="SeleniumLibrary">
<arg>${"URL"}</arg>
<arg>${"Browser"}</arg>
<doc>Opens a new browser instance to the optional ``url``.</doc>
<msg timestamp="20230810 11:20:11.690" level="INFO">Opening browser 'chrome' to base url 'http://google.com'.</msg>
<status status="PASS" starttime="20230810 11:20:11.690" endtime="20230810 11:20:15.897"/>
</kw>
<kw name="Sleep" library="BuiltIn">
<arg>2</arg>
<doc>Pauses the test executed for the given time.</doc>
<msg timestamp="20230810 11:20:17.897" level="INFO">Slept 2 seconds</msg>
<status status="PASS" starttime="20230810 11:20:15.897" endtime="20230810 11:20:17.897"/>
</kw>
<kw name="Maximize Browser Window" library="SeleniumLibrary">
<doc>Maximizes current browser window.</doc>
<status status="PASS" starttime="20230810 11:20:17.898" endtime="20230810 11:20:18.064"/>
</kw>
<kw name="Input Text" library="SeleniumLibrary">
<arg>id=APjFqb</arg>
<arg>Robot Framework</arg>
<doc>Types the given ``text`` into the text field identified by ``locator``.</doc>
<msg timestamp="20230810 11:20:18.065" level="INFO">Typing text 'Robot Framework' into text field 'id=APjFqb'.</msg>
<status status="PASS" starttime="20230810 11:20:18.064" endtime="20230810 11:20:18.182"/>
</kw>
<kw name="Sleep" library="BuiltIn">
<arg>5</arg>
<doc>Pauses the test executed for the given time.</doc>
<msg timestamp="20230810 11:20:23.182" level="INFO">Slept 5 seconds</msg>
<status status="PASS" starttime="20230810 11:20:18.182" endtime="20230810 11:20:23.182"/>
</kw>
<kw name="Click Element" library="SeleniumLibrary">
<arg>id=jZ2SBf</arg>
<doc>Click the element identified by ``locator``.</doc>
<msg timestamp="20230810 11:20:23.183" level="INFO">Clicking element 'id=jZ2SBf'.</msg>
<status status="PASS" starttime="20230810 11:20:23.183" endtime="20230810 11:20:23.510"/>
</kw>
<kw name="Sleep" library="BuiltIn">
<arg>3</arg>
<doc>Pauses the test executed for the given time.</doc>
<msg timestamp="20230810 11:20:26.514" level="INFO">Slept 3 seconds</msg>
<status status="PASS" starttime="20230810 11:20:23.512" endtime="20230810 11:20:26.514"/>
</kw>
<kw name="Get Text" library="SeleniumLibrary">
<var>${"Robot_Text"}</var>
<arg>xpath=(//h3[text()="Robot Framework"])[1]</arg>
<doc>Returns the text value of the element identified by ``locator``.</doc>
<msg timestamp="20230810 11:20:29.283" level="INFO">${"Robot_Text"} = Robot Framework</msg>
<status status="PASS" starttime="20230810 11:20:26.514" endtime="20230810 11:20:29.283"/>
</kw>
<kw name="Log To Console" library="BuiltIn">
<arg>${"Robot_Text"}</arg>
<doc>Logs the given message to the console.</doc>
<status status="PASS" starttime="20230810 11:20:29.283" endtime="20230810 11:20:29.283"/>
</kw>
<kw name="Get Text" library="SeleniumLibrary">
<var>${"Selenium_Text"}</var>
<arg>xpath=//a[text()="SeleniumLibrary"]</arg>
<doc>Returns the text value of the element identified by ``locator``.</doc>
<msg timestamp="20230810 11:20:29.314" level="INFO">${"Selenium_Text"} = SeleniumLibrary</msg>
<status status="PASS" starttime="20230810 11:20:29.283" endtime="20230810 11:20:29.314"/>
</kw>
<kw name="Log To Console" library="BuiltIn">
<arg>${"Selenium_Text"}</arg>
<doc>Logs the given message to the console.</doc>
<status status="PASS" starttime="20230810 11:20:29.314" endtime="20230810 11:20:29.314"/>
</kw>
<kw name="Get Text" library="SeleniumLibrary">
<var>${"Introduction_text"}</var>
<arg>xpath=//a[text()="Introduction"]</arg>
<doc>Returns the text value of the element identified by ``locator``.</doc>
<msg timestamp="20230810 11:20:29.345" level="INFO">${"Introduction_text"} = Introduction</msg>
<status status="PASS" starttime="20230810 11:20:29.314" endtime="20230810 11:20:29.346"/>
</kw>
<kw name="Log To Console" library="BuiltIn">
<arg>${"Introduction_text"}</arg>
<doc>Logs the given message to the console.</doc>
<status status="PASS" starttime="20230810 11:20:29.346" endtime="20230810 11:20:29.347"/>
</kw>
<kw name="Get Text" library="SeleniumLibrary">
<var>${"RobotFramework_Tutorial_text"}</var>
<arg>xpath=//h3[text()="Robot Framework Tutorial"]</arg>
<doc>Returns the text value of the element identified by ``locator``.</doc>
<msg timestamp="20230810 11:20:29.374" level="INFO">${"RobotFramework_Tutorial_text"} = Robot Framework Tutorial</msg>
<status status="PASS" starttime="20230810 11:20:29.348" endtime="20230810 11:20:29.374"/>
</kw>
<kw name="Log To Console" library="BuiltIn">
<arg>${"RobotFramework_Tutorial_text"}</arg>
<doc>Logs the given message to the console.</doc>
<status status="PASS" starttime="20230810 11:20:29.374" endtime="20230810 11:20:29.374"/>
</kw>
<kw name="Close Browser" library="SeleniumLibrary">
<doc>Closes the current browser.</doc>
<status status="PASS" starttime="20230810 11:20:29.374" endtime="20230810 11:20:31.835"/>
</kw>
<status status="PASS" starttime="20230810 11:20:11.690" endtime="20230810 11:20:31.835"/>
</test>
<status status="PASS" starttime="20230810 11:20:11.555" endtime="20230810 11:20:31.837"/>
</suite>
<statistics>
<total>
<stat pass="1" fail="0" skip="0">All Tests</stat>
</total>
<tag>
</tag>
<suite>
<stat pass="1" fail="0" skip="0" id="s1" name="TC1">TC1</stat>
</suite>
</statistics>
<errors>
</errors>
</robot>
