<?xml version="1.0" encoding="UTF-8"?>
<robot generator="Robot 6.1.1 (Python 3.11.4 on win32)" generated="20230818 11:28:45.929" rpa="false" schemaversion="4">
<suite id="s1" name="TC1" source="C:\Users\nalsivak\PycharmProjects\AutomationRobotFramework\TestCases\TC1.robot">
<test id="s1-t1" name="Valid Login" line="9">
<kw name="Open Browser" library="SeleniumLibrary">
<arg>${"URL"}</arg>
<arg>${"Browser"}</arg>
<doc>Opens a new browser instance to the optional ``url``.</doc>
<msg timestamp="20230818 11:28:46.118" level="INFO">Opening browser 'chrome' to base url 'http://google.com'.</msg>
<status status="PASS" starttime="20230818 11:28:46.118" endtime="20230818 11:28:51.746"/>
</kw>
<kw name="Sleep" library="BuiltIn">
<arg>2</arg>
<doc>Pauses the test executed for the given time.</doc>
<msg timestamp="20230818 11:28:53.747" level="INFO">Slept 2 seconds</msg>
<status status="PASS" starttime="20230818 11:28:51.747" endtime="20230818 11:28:53.747"/>
</kw>
<kw name="Maximize Browser Window" library="SeleniumLibrary">
<doc>Maximizes current browser window.</doc>
<status status="PASS" starttime="20230818 11:28:53.748" endtime="20230818 11:28:53.872"/>
</kw>
<kw name="Input Text" library="SeleniumLibrary">
<arg>id=APjFqb</arg>
<arg>Robot Framework</arg>
<doc>Types the given ``text`` into the text field identified by ``locator``.</doc>
<msg timestamp="20230818 11:28:53.872" level="INFO">Typing text 'Robot Framework' into text field 'id=APjFqb'.</msg>
<status status="PASS" starttime="20230818 11:28:53.872" endtime="20230818 11:28:53.975"/>
</kw>
<kw name="Sleep" library="BuiltIn">
<arg>5</arg>
<doc>Pauses the test executed for the given time.</doc>
<msg timestamp="20230818 11:28:58.976" level="INFO">Slept 5 seconds</msg>
<status status="PASS" starttime="20230818 11:28:53.976" endtime="20230818 11:28:58.976"/>
</kw>
<kw name="Click Element" library="SeleniumLibrary">
<arg>id=jZ2SBf</arg>
<doc>Click the element identified by ``locator``.</doc>
<msg timestamp="20230818 11:28:58.976" level="INFO">Clicking element 'id=jZ2SBf'.</msg>
<status status="PASS" starttime="20230818 11:28:58.976" endtime="20230818 11:28:59.284"/>
</kw>
<kw name="Sleep" library="BuiltIn">
<arg>3</arg>
<doc>Pauses the test executed for the given time.</doc>
<msg timestamp="20230818 11:29:02.285" level="INFO">Slept 3 seconds</msg>
<status status="PASS" starttime="20230818 11:28:59.284" endtime="20230818 11:29:02.285"/>
</kw>
<kw name="Get WebElements" library="SeleniumLibrary">
<var>@{"Robot_Elements"}</var>
<arg>xpath=//h3[text()="Robot Framework"]</arg>
<doc>Returns a list of WebElement objects matching the ``locator``.</doc>
<msg timestamp="20230818 11:29:09.763" level="INFO">@{"Robot_Elements"} = [ &lt;selenium.webdriver.remote.webelement.WebElement (session="c30dc667c07c4045062dfdbc5e585f52", element="68CF1A92E979402236188C61A751E8D1_element_52")&gt; | &lt;selenium.webdriver.remote.webelement.WebEleme...</msg>
<status status="PASS" starttime="20230818 11:29:02.286" endtime="20230818 11:29:09.763"/>
</kw>
<for flavor="IN">
<var>${robot1}</var>
<value>@{"Robot_Elements"}</value>
<iter>
<var name="${robot1}">&lt;selenium.webdriver.remote.webelement.WebElement (session="c30dc667c07c4045062dfdbc5e585f52", element="68CF1A92E979402236188C61A751E8D1_element_52")&gt;</var>
<kw name="Get Text" library="SeleniumLibrary">
<var>${robot}</var>
<arg>${robot1}</arg>
<doc>Returns the text value of the element identified by ``locator``.</doc>
<msg timestamp="20230818 11:29:09.778" level="INFO">${robot} = Robot Framework</msg>
<status status="PASS" starttime="20230818 11:29:09.764" endtime="20230818 11:29:09.778"/>
</kw>
<kw name="Log To Console" library="BuiltIn">
<arg>${robot}</arg>
<doc>Logs the given message to the console.</doc>
<status status="PASS" starttime="20230818 11:29:09.778" endtime="20230818 11:29:09.779"/>
</kw>
<status status="PASS" starttime="20230818 11:29:09.764" endtime="20230818 11:29:09.779"/>
</iter>
<iter>
<var name="${robot1}">&lt;selenium.webdriver.remote.webelement.WebElement (session="c30dc667c07c4045062dfdbc5e585f52", element="68CF1A92E979402236188C61A751E8D1_element_53")&gt;</var>
<kw name="Get Text" library="SeleniumLibrary">
<var>${robot}</var>
<arg>${robot1}</arg>
<doc>Returns the text value of the element identified by ``locator``.</doc>
<msg timestamp="20230818 11:29:09.789" level="INFO">${robot} = Robot Framework</msg>
<status status="PASS" starttime="20230818 11:29:09.779" endtime="20230818 11:29:09.789"/>
</kw>
<kw name="Log To Console" library="BuiltIn">
<arg>${robot}</arg>
<doc>Logs the given message to the console.</doc>
<status status="PASS" starttime="20230818 11:29:09.789" endtime="20230818 11:29:09.789"/>
</kw>
<status status="PASS" starttime="20230818 11:29:09.779" endtime="20230818 11:29:09.789"/>
</iter>
<iter>
<var name="${robot1}">&lt;selenium.webdriver.remote.webelement.WebElement (session="c30dc667c07c4045062dfdbc5e585f52", element="68CF1A92E979402236188C61A751E8D1_element_54")&gt;</var>
<kw name="Get Text" library="SeleniumLibrary">
<var>${robot}</var>
<arg>${robot1}</arg>
<doc>Returns the text value of the element identified by ``locator``.</doc>
<msg timestamp="20230818 11:29:09.799" level="INFO">${robot} = Robot Framework</msg>
<status status="PASS" starttime="20230818 11:29:09.789" endtime="20230818 11:29:09.799"/>
</kw>
<kw name="Log To Console" library="BuiltIn">
<arg>${robot}</arg>
<doc>Logs the given message to the console.</doc>
<status status="PASS" starttime="20230818 11:29:09.799" endtime="20230818 11:29:09.800"/>
</kw>
<status status="PASS" starttime="20230818 11:29:09.789" endtime="20230818 11:29:09.800"/>
</iter>
<status status="PASS" starttime="20230818 11:29:09.763" endtime="20230818 11:29:09.800"/>
</for>
<kw name="Get Text" library="SeleniumLibrary">
<var>${"Selenium_Text"}</var>
<arg>xpath=//a[text()="SeleniumLibrary"]</arg>
<doc>Returns the text value of the element identified by ``locator``.</doc>
<msg timestamp="20230818 11:29:09.822" level="INFO">${"Selenium_Text"} = SeleniumLibrary</msg>
<status status="PASS" starttime="20230818 11:29:09.800" endtime="20230818 11:29:09.822"/>
</kw>
<kw name="Log To Console" library="BuiltIn">
<arg>${"Selenium_Text"}</arg>
<doc>Logs the given message to the console.</doc>
<status status="PASS" starttime="20230818 11:29:09.823" endtime="20230818 11:29:09.823"/>
</kw>
<kw name="Get Text" library="SeleniumLibrary">
<var>${"Introduction_text"}</var>
<arg>xpath=//a[text()="Introduction"]</arg>
<doc>Returns the text value of the element identified by ``locator``.</doc>
<msg timestamp="20230818 11:29:09.845" level="INFO">${"Introduction_text"} = Introduction</msg>
<status status="PASS" starttime="20230818 11:29:09.823" endtime="20230818 11:29:09.845"/>
</kw>
<kw name="Log To Console" library="BuiltIn">
<arg>${"Introduction_text"}</arg>
<doc>Logs the given message to the console.</doc>
<status status="PASS" starttime="20230818 11:29:09.846" endtime="20230818 11:29:09.846"/>
</kw>
<kw name="Get Text" library="SeleniumLibrary">
<var>${"RobotFramework_Tutorial_text"}</var>
<arg>xpath=//h3[text()="Robot Framework Tutorial"]</arg>
<doc>Returns the text value of the element identified by ``locator``.</doc>
<msg timestamp="20230818 11:29:09.868" level="INFO">${"RobotFramework_Tutorial_text"} = Robot Framework Tutorial</msg>
<status status="PASS" starttime="20230818 11:29:09.847" endtime="20230818 11:29:09.868"/>
</kw>
<kw name="Log To Console" library="BuiltIn">
<arg>${"RobotFramework_Tutorial_text"}</arg>
<doc>Logs the given message to the console.</doc>
<status status="PASS" starttime="20230818 11:29:09.868" endtime="20230818 11:29:09.869"/>
</kw>
<kw name="Close Browser" library="SeleniumLibrary">
<doc>Closes the current browser.</doc>
<status status="PASS" starttime="20230818 11:29:09.869" endtime="20230818 11:29:12.130"/>
</kw>
<status status="PASS" starttime="20230818 11:28:46.118" endtime="20230818 11:29:12.131"/>
</test>
<status status="PASS" starttime="20230818 11:28:45.937" endtime="20230818 11:29:12.133"/>
</suite>
<statistics>
<total>
<stat pass="1" fail="0" skip="0">All Tests</stat>
</total>
<tag>
</tag>
<suite>
<stat pass="1" fail="0" skip="0" id="s1" name="TC1">TC1</stat>
</suite>
</statistics>
<errors>
</errors>
</robot>
